Determining if the pthread_create exist failed with the following output:
Change Dir: /home/robot4/catkin_ws/build/CMakeFiles/CMakeTmp

Run Build Command:"/usr/bin/make" "cmTC_b168f/fast"
/usr/bin/make -f CMakeFiles/cmTC_b168f.dir/build.make CMakeFiles/cmTC_b168f.dir/build
make[1]: Entering directory '/home/robot4/catkin_ws/build/CMakeFiles/CMakeTmp'
Building C object CMakeFiles/cmTC_b168f.dir/CheckSymbolExists.c.o
/usr/bin/cc     -o CMakeFiles/cmTC_b168f.dir/CheckSymbolExists.c.o   -c /home/robot4/catkin_ws/build/CMakeFiles/CMakeTmp/CheckSymbolExists.c
Linking C executable cmTC_b168f
/usr/bin/cmake -E cmake_link_script CMakeFiles/cmTC_b168f.dir/link.txt --verbose=1
/usr/bin/cc       CMakeFiles/cmTC_b168f.dir/CheckSymbolExists.c.o  -o cmTC_b168f -rdynamic 
CMakeFiles/cmTC_b168f.dir/CheckSymbolExists.c.o: In function `main':
CheckSymbolExists.c:(.text+0x16): undefined reference to `pthread_create'
collect2: error: ld returned 1 exit status
CMakeFiles/cmTC_b168f.dir/build.make:97: recipe for target 'cmTC_b168f' failed
make[1]: *** [cmTC_b168f] Error 1
make[1]: Leaving directory '/home/robot4/catkin_ws/build/CMakeFiles/CMakeTmp'
Makefile:126: recipe for target 'cmTC_b168f/fast' failed
make: *** [cmTC_b168f/fast] Error 2

File /home/robot4/catkin_ws/build/CMakeFiles/CMakeTmp/CheckSymbolExists.c:
/* */
#include <pthread.h>

int main(int argc, char** argv)
{
  (void)argv;
#ifndef pthread_create
  return ((int*)(&pthread_create))[argc];
#else
  (void)argc;
  return 0;
#endif
}

Determining if the function pthread_create exists in the pthreads failed with the following output:
Change Dir: /home/robot4/catkin_ws/build/CMakeFiles/CMakeTmp

Run Build Command:"/usr/bin/make" "cmTC_bf7ed/fast"
/usr/bin/make -f CMakeFiles/cmTC_bf7ed.dir/build.make CMakeFiles/cmTC_bf7ed.dir/build
make[1]: Entering directory '/home/robot4/catkin_ws/build/CMakeFiles/CMakeTmp'
Building C object CMakeFiles/cmTC_bf7ed.dir/CheckFunctionExists.c.o
/usr/bin/cc    -DCHECK_FUNCTION_EXISTS=pthread_create   -o CMakeFiles/cmTC_bf7ed.dir/CheckFunctionExists.c.o   -c /usr/share/cmake-3.5/Modules/CheckFunctionExists.c
Linking C executable cmTC_bf7ed
/usr/bin/cmake -E cmake_link_script CMakeFiles/cmTC_bf7ed.dir/link.txt --verbose=1
/usr/bin/cc   -DCHECK_FUNCTION_EXISTS=pthread_create    CMakeFiles/cmTC_bf7ed.dir/CheckFunctionExists.c.o  -o cmTC_bf7ed -rdynamic -lpthreads 
/usr/bin/ld: cannot find -lpthreads
collect2: error: ld returned 1 exit status
CMakeFiles/cmTC_bf7ed.dir/build.make:97: recipe for target 'cmTC_bf7ed' failed
make[1]: *** [cmTC_bf7ed] Error 1
make[1]: Leaving directory '/home/robot4/catkin_ws/build/CMakeFiles/CMakeTmp'
Makefile:126: recipe for target 'cmTC_bf7ed/fast' failed
make: *** [cmTC_bf7ed/fast] Error 2


